
INFO main dummyone - Properties file location is C:\Users\akash\git\Vajra\Configuration\log4j2.properties
INFO main dummyone - We are in info
FATAL main dummyone - We are in fatal
DEBUG main dummyone - We are in debug
INFO main dummyone - We are in info for Printed
INFO main dummyone - Test Pass
INFO main dummyone - We are in info if Conditions
INFO main dummyone - Assert condition pass in info
0    [main] INFO  dummyone  - Properties file location is C:\Users\akash\git\Vajra\Configuration\log4j2.properties
7    [main] INFO  dummyone  - We are in info
7    [main] FATAL dummyone  - We are in fatal
8    [main] DEBUG dummyone  - We are in debug
8    [main] INFO  dummyone  - We are in info for Printed
9    [main] INFO  dummyone  - Test Pass
9    [main] INFO  dummyone  - We are in info if Conditions
13   [main] INFO  dummyone  - Assert condition pass in info
0    [main] INFO  TC_RaiseSalesBill_FGStock_001  - Akash
0    [main] INFO  dummyone  - Properties file location is C:\Users\akash\git\Vajra\Configuration\log4j2.properties
15   [main] INFO  dummyone  - We are in info
15   [main] FATAL dummyone  - We are in fatal
15   [main] DEBUG dummyone  - We are in debug
15   [main] INFO  dummyone  - We are in info for Printed
31   [main] INFO  dummyone  - Test Pass
31   [main] INFO  dummyone  - We are in info if Conditions
31   [main] INFO  dummyone  - Assert condition pass in info
0    [main] INFO  TC_RaiseSalesBill_FGStock_001  - Akash
0    [main] INFO  TC_RaiseSalesBill_FGStock_001  - Akash
6    [main] INFO  TC_RaiseSalesBill_FGStock_001  - Sales SE login Successfully and GetFGStockDetails test Case is starting
17   [main] INFO  TC_RaiseSalesBill_FGStock_001  - Object Created for FGStock PageObject Classes
208  [main] INFO  TC_RaiseSalesBill_FGStock_001  - clicked on Report Menu Drop-Down
357  [main] INFO  TC_RaiseSalesBill_FGStock_001  - clicked on Stock Sub-Menu Drop-Down
545  [main] INFO  TC_RaiseSalesBill_FGStock_001  - clicked on FG Stock Sub-Menu Drop-Down
3768 [main] INFO  TC_RaiseSalesBill_FGStock_001  - Search filter Status DropDown is Selected as FG Stock
0    [main] INFO  TC_RaiseSalesBill_FGStock_001  - Akash
4    [main] INFO  TC_RaiseSalesBill_FGStock_001  - Sales SE login Successfully and GetFGStockDetails test Case is starting
16   [main] INFO  TC_RaiseSalesBill_FGStock_001  - Object Created for FGStock PageObject Classes
294  [main] INFO  TC_RaiseSalesBill_FGStock_001  - clicked on Report Menu Drop-Down
424  [main] INFO  TC_RaiseSalesBill_FGStock_001  - clicked on Stock Sub-Menu Drop-Down
573  [main] INFO  TC_RaiseSalesBill_FGStock_001  - clicked on FG Stock Sub-Menu Drop-Down
3754 [main] INFO  TC_RaiseSalesBill_FGStock_001  - Search filter Status DropDown is Selected as Available
3898 [main] INFO  TC_RaiseSalesBill_FGStock_001  - Search filter Store/DC Type DropDown is Selected as Store
3928 [main] INFO  TC_RaiseSalesBill_FGStock_001  - Waited for Store/DC Name Drop Down
4164 [main] INFO  TC_RaiseSalesBill_FGStock_001  - Search filter Store/DC Name DropDown is Selected as Available
4307 [main] INFO  TC_RaiseSalesBill_FGStock_001  - Clicked on Zone Dropdown
4335 [main] INFO  TC_RaiseSalesBill_FGStock_001  - Getting SE login ID Zone and login Zone ID is Diamond-Bangle Odd
4347 [main] INFO  TC_RaiseSalesBill_FGStock_001  - Waiting for Store Name is Clickable
6429 [main] INFO  TC_RaiseSalesBill_FGStock_001  - Zone Name DropDown has been Selected as Diamond-Bangle Odd
6584 [main] INFO  TC_RaiseSalesBill_FGStock_001  - Segment Drop-down has been Selected
6680 [main] INFO  TC_RaiseSalesBill_FGStock_001  - Clicked on Search Button
9635 [main] INFO  TC_RaiseSalesBill_FGStock_001  - FG Stock number of 928 Weight is 6.540
9636 [main] INFO  TC_RaiseSalesBill_FGStock_001  - Sales SE login Successfully and GetFGStockDetails test Case is starting
9638 [main] INFO  TC_RaiseSalesBill_FGStock_001  - Raise Sale Bill Method has been Started
9655 [main] INFO  TC_RaiseSalesBill_FGStock_001  - Object has been created for CreateSaleBill page Object
9793 [main] INFO  TC_RaiseSalesBill_FGStock_001  - Clicked On Function menu
9884 [main] INFO  TC_RaiseSalesBill_FGStock_001  - Clicked On Bill Sub Menu
10016 [main] INFO  TC_RaiseSalesBill_FGStock_001  - Clicked On Sale Bill Sub Menu
10492 [main] INFO  TC_RaiseSalesBill_FGStock_001  - Sale Create or Search DropDown has been Selected
10743 [main] INFO  TC_RaiseSalesBill_FGStock_001  - Under Dropdown, Create Sale Bill Has been Selected
10903 [main] INFO  TC_RaiseSalesBill_FGStock_001  - Showing selectDocType Dropdown
10984 [main] INFO  TC_RaiseSalesBill_FGStock_001  - Doc Type DropDown has been Selected as FG Stock
11698 [main] INFO  TC_RaiseSalesBill_FGStock_001  - Sending Customer ID to Search Customer Bix
11825 [main] INFO  TC_RaiseSalesBill_FGStock_001  - Clicked on Search Customer
0    [main] INFO  TC_RaiseSalesBill_FGStock_001  - Akash
3    [main] INFO  TC_RaiseSalesBill_FGStock_001  - Sales SE login Successfully and GetFGStockDetails test Case is starting
10   [main] INFO  TC_RaiseSalesBill_FGStock_001  - Object Created for FGStock PageObject Classes
169  [main] INFO  TC_RaiseSalesBill_FGStock_001  - clicked on Report Menu Drop-Down
317  [main] INFO  TC_RaiseSalesBill_FGStock_001  - clicked on Stock Sub-Menu Drop-Down
455  [main] INFO  TC_RaiseSalesBill_FGStock_001  - clicked on FG Stock Sub-Menu Drop-Down
3626 [main] INFO  TC_RaiseSalesBill_FGStock_001  - Search filter Status DropDown is Selected as Available
3781 [main] INFO  TC_RaiseSalesBill_FGStock_001  - Search filter Store/DC Type DropDown is Selected as Store
3815 [main] INFO  TC_RaiseSalesBill_FGStock_001  - Waited for Store/DC Name Drop Down
4060 [main] INFO  TC_RaiseSalesBill_FGStock_001  - Search filter Store/DC Name DropDown is Selected as Available
4183 [main] INFO  TC_RaiseSalesBill_FGStock_001  - Clicked on Zone Dropdown
4218 [main] INFO  TC_RaiseSalesBill_FGStock_001  - Getting SE login ID Zone and login Zone ID is Diamond-Bangle Odd
4232 [main] INFO  TC_RaiseSalesBill_FGStock_001  - Waiting for Store Name is Clickable
6305 [main] INFO  TC_RaiseSalesBill_FGStock_001  - Zone Name DropDown has been Selected as Diamond-Bangle Odd
6454 [main] INFO  TC_RaiseSalesBill_FGStock_001  - Segment Drop-down has been Selected
6554 [main] INFO  TC_RaiseSalesBill_FGStock_001  - Clicked on Search Button
9460 [main] INFO  TC_RaiseSalesBill_FGStock_001  - FG Stock number of 928 Weight is 6.540
9460 [main] INFO  TC_RaiseSalesBill_FGStock_001  - Sales SE login Successfully and GetFGStockDetails test Case is starting
9462 [main] INFO  TC_RaiseSalesBill_FGStock_001  - Raise Sale Bill Method has been Started
9467 [main] INFO  TC_RaiseSalesBill_FGStock_001  - Object has been created for CreateSaleBill page Object
9620 [main] INFO  TC_RaiseSalesBill_FGStock_001  - Clicked On Function menu
9759 [main] INFO  TC_RaiseSalesBill_FGStock_001  - Clicked On Bill Sub Menu
9935 [main] INFO  TC_RaiseSalesBill_FGStock_001  - Clicked On Sale Bill Sub Menu
10264 [main] INFO  TC_RaiseSalesBill_FGStock_001  - Sale Create or Search DropDown has been Selected
10456 [main] INFO  TC_RaiseSalesBill_FGStock_001  - Under Dropdown, Create Sale Bill Has been Selected
10607 [main] INFO  TC_RaiseSalesBill_FGStock_001  - Showing selectDocType Dropdown
10703 [main] INFO  TC_RaiseSalesBill_FGStock_001  - Doc Type DropDown has been Selected as FG Stock
10875 [main] INFO  TC_RaiseSalesBill_FGStock_001  - Sending Customer ID to Search Customer Bix
11019 [main] INFO  TC_RaiseSalesBill_FGStock_001  - Clicked on Search Customer
0    [main] INFO  TC_RaiseSalesBill_FGStock_001  - Akash
5    [main] INFO  TC_RaiseSalesBill_FGStock_001  - Sales SE login Successfully and GetFGStockDetails test Case is starting
14   [main] INFO  TC_RaiseSalesBill_FGStock_001  - Object Created for FGStock PageObject Classes
169  [main] INFO  TC_RaiseSalesBill_FGStock_001  - clicked on Report Menu Drop-Down
309  [main] INFO  TC_RaiseSalesBill_FGStock_001  - clicked on Stock Sub-Menu Drop-Down
454  [main] INFO  TC_RaiseSalesBill_FGStock_001  - clicked on FG Stock Sub-Menu Drop-Down
3623 [main] INFO  TC_RaiseSalesBill_FGStock_001  - Search filter Status DropDown is Selected as Available
3765 [main] INFO  TC_RaiseSalesBill_FGStock_001  - Search filter Store/DC Type DropDown is Selected as Store
3792 [main] INFO  TC_RaiseSalesBill_FGStock_001  - Waited for Store/DC Name Drop Down
3923 [main] INFO  TC_RaiseSalesBill_FGStock_001  - Raise Sale Bill Method has been Started
3927 [main] INFO  TC_RaiseSalesBill_FGStock_001  - Object has been created for CreateSaleBill page Object
4036 [main] INFO  TC_RaiseSalesBill_FGStock_001  - Clicked On Function menu
4161 [main] INFO  TC_RaiseSalesBill_FGStock_001  - Clicked On Bill Sub Menu
4281 [main] INFO  TC_RaiseSalesBill_FGStock_001  - Clicked On Sale Bill Sub Menu
4600 [main] INFO  TC_RaiseSalesBill_FGStock_001  - Sale Create or Search DropDown has been Selected
4862 [main] INFO  TC_RaiseSalesBill_FGStock_001  - Under Dropdown, Create Sale Bill Has been Selected
5037 [main] INFO  TC_RaiseSalesBill_FGStock_001  - Showing selectDocType Dropdown
5126 [main] INFO  TC_RaiseSalesBill_FGStock_001  - Doc Type DropDown has been Selected as FG Stock
5298 [main] INFO  TC_RaiseSalesBill_FGStock_001  - Sending Customer ID to Search Customer Bix
5440 [main] INFO  TC_RaiseSalesBill_FGStock_001  - Clicked on Search Customer
0    [main] INFO  TC_RaiseSalesBill_FGStock_001  - Akash
4    [main] INFO  TC_RaiseSalesBill_FGStock_001  - Sales SE login Successfully and GetFGStockDetails test Case is starting
13   [main] INFO  TC_RaiseSalesBill_FGStock_001  - Object Created for FGStock PageObject Classes
153  [main] INFO  TC_RaiseSalesBill_FGStock_001  - clicked on Report Menu Drop-Down
277  [main] INFO  TC_RaiseSalesBill_FGStock_001  - clicked on Stock Sub-Menu Drop-Down
401  [main] INFO  TC_RaiseSalesBill_FGStock_001  - clicked on FG Stock Sub-Menu Drop-Down
3613 [main] INFO  TC_RaiseSalesBill_FGStock_001  - Search filter Status DropDown is Selected as Available
3770 [main] INFO  TC_RaiseSalesBill_FGStock_001  - Search filter Store/DC Type DropDown is Selected as Store
3810 [main] INFO  TC_RaiseSalesBill_FGStock_001  - Waited for Store/DC Name Drop Down
4047 [main] INFO  TC_RaiseSalesBill_FGStock_001  - Search filter Store/DC Name DropDown is Selected as Available
4185 [main] INFO  TC_RaiseSalesBill_FGStock_001  - Clicked on Zone Dropdown
4215 [main] INFO  TC_RaiseSalesBill_FGStock_001  - Getting SE login ID Zone and login Zone ID is Diamond-Bangle Odd
4227 [main] INFO  TC_RaiseSalesBill_FGStock_001  - Waiting for Store Name is Clickable
6334 [main] INFO  TC_RaiseSalesBill_FGStock_001  - Zone Name DropDown has been Selected as Diamond-Bangle Odd
6565 [main] INFO  TC_RaiseSalesBill_FGStock_001  - Segment Drop-down has been Selected
6717 [main] INFO  TC_RaiseSalesBill_FGStock_001  - Clicked on Search Button
9659 [main] INFO  TC_RaiseSalesBill_FGStock_001  - FG Stock number of 928 Weight is 6.540
9659 [main] INFO  TC_RaiseSalesBill_FGStock_001  - Sales SE login Successfully and GetFGStockDetails test Case is starting
9662 [main] INFO  TC_RaiseSalesBill_FGStock_001  - Raise Sale Bill Method has been Started
9665 [main] INFO  TC_RaiseSalesBill_FGStock_001  - Object has been created for CreateSaleBill page Object
9767 [main] INFO  TC_RaiseSalesBill_FGStock_001  - Clicked On Function menu
9868 [main] INFO  TC_RaiseSalesBill_FGStock_001  - Clicked On Bill Sub Menu
9986 [main] INFO  TC_RaiseSalesBill_FGStock_001  - Clicked On Sale Bill Sub Menu
10300 [main] INFO  TC_RaiseSalesBill_FGStock_001  - Sale Create or Search DropDown has been Selected
10529 [main] INFO  TC_RaiseSalesBill_FGStock_001  - Under Dropdown, Create Sale Bill Has been Selected
10697 [main] INFO  TC_RaiseSalesBill_FGStock_001  - Showing selectDocType Dropdown
10788 [main] INFO  TC_RaiseSalesBill_FGStock_001  - Doc Type DropDown has been Selected as FG Stock
10935 [main] INFO  TC_RaiseSalesBill_FGStock_001  - Sending Customer ID to Search Customer Bix
11040 [main] INFO  TC_RaiseSalesBill_FGStock_001  - Clicked on Search Customer
